# JRE version: OpenJDK Runtime Environment (8.0_152-b01) (build 1.8.0_152-release-1343-b01)
# Java VM: OpenJDK 64-Bit Server VM (25.152-b01 mixed mode windows-amd64 compressed oops)
Heap:
 PSYoungGen      total 448000K, used 116149K [0x00000000d5580000, 0x00000000f6680000, 0x0000000100000000)
  eden space 354304K, 16% used [0x00000000d5580000,0x00000000d8e57210,0x00000000eaf80000)
  from space 93696K, 61% used [0x00000000eaf80000,0x00000000ee8164e8,0x00000000f0b00000)
  to   space 83456K, 0% used [0x00000000f1500000,0x00000000f1500000,0x00000000f6680000)
 ParOldGen       total 466432K, used 354514K [0x0000000080000000, 0x000000009c780000, 0x00000000d5580000)
  object space 466432K, 76% used [0x0000000080000000,0x0000000095a34b28,0x000000009c780000)
 Metaspace       used 102124K, capacity 106176K, committed 106456K, reserved 1142784K
  class space    used 13146K, capacity 14009K, committed 14080K, reserved 1048576K
GC Heap History (10 events):
Event: 285.112 GC heap before
{Heap before GC invocations=35 (full 5):
 PSYoungGen      total 410624K, used 354635K [0x00000000d5580000, 0x00000000f7600000, 0x0000000100000000)
  eden space 309248K, 99% used [0x00000000d5580000,0x00000000e8140090,0x00000000e8380000)
  from space 101376K, 47% used [0x00000000e8380000,0x00000000eb212d20,0x00000000ee680000)
  to   space 99328K, 0% used [0x00000000f1500000,0x00000000f1500000,0x00000000f7600000)
 ParOldGen       total 453120K, used 284686K [0x0000000080000000, 0x000000009ba80000, 0x00000000d5580000)
  object space 453120K, 62% used [0x0000000080000000,0x0000000091603828,0x000000009ba80000)
 Metaspace       used 101006K, capacity 105106K, committed 105304K, reserved 1140736K
  class space    used 13031K, capacity 13926K, committed 13952K, reserved 1048576K
Event: 285.200 GC heap after
Heap after GC invocations=35 (full 5):
 PSYoungGen      total 437760K, used 33471K [0x00000000d5580000, 0x00000000f6680000, 0x0000000100000000)
  eden space 354304K, 0% used [0x00000000d5580000,0x00000000d5580000,0x00000000eaf80000)
  from space 83456K, 40% used [0x00000000f1500000,0x00000000f35affa8,0x00000000f6680000)
  to   space 93696K, 0% used [0x00000000eaf80000,0x00000000eaf80000,0x00000000f0b00000)
 ParOldGen       total 453120K, used 305403K [0x0000000080000000, 0x000000009ba80000, 0x00000000d5580000)
  object space 453120K, 67% used [0x0000000080000000,0x0000000092a3ef08,0x000000009ba80000)
 Metaspace       used 101006K, capacity 105106K, committed 105304K, reserved 1140736K
  class space    used 13031K, capacity 13926K, committed 13952K, reserved 1048576K
}
Event: 291.490 GC heap before
{Heap before GC invocations=36 (full 5):
 PSYoungGen      total 437760K, used 387775K [0x00000000d5580000, 0x00000000f6680000, 0x0000000100000000)
  eden space 354304K, 100% used [0x00000000d5580000,0x00000000eaf80000,0x00000000eaf80000)
  from space 83456K, 40% used [0x00000000f1500000,0x00000000f35affa8,0x00000000f6680000)
  to   space 93696K, 0% used [0x00000000eaf80000,0x00000000eaf80000,0x00000000f0b00000)
 ParOldGen       total 453120K, used 305403K [0x0000000080000000, 0x000000009ba80000, 0x00000000d5580000)
  object space 453120K, 67% used [0x0000000080000000,0x0000000092a3ef08,0x000000009ba80000)
 Metaspace       used 101645K, capacity 105878K, committed 105944K, reserved 1140736K
  class space    used 13102K, capacity 14024K, committed 14080K, reserved 1048576K
Event: 292.079 GC heap after
Heap after GC invocations=36 (full 5):
 PSYoungGen      total 448000K, used 93673K [0x00000000d5580000, 0x00000000f6680000, 0x0000000100000000)
  eden space 354304K, 0% used [0x00000000d5580000,0x00000000d5580000,0x00000000eaf80000)
  from space 93696K, 99% used [0x00000000eaf80000,0x00000000f0afa710,0x00000000f0b00000)
  to   space 83456K, 0% used [0x00000000f1500000,0x00000000f1500000,0x00000000f6680000)
 ParOldGen       total 453120K, used 380639K [0x0000000080000000, 0x000000009ba80000, 0x00000000d5580000)
  object space 453120K, 84% used [0x0000000080000000,0x00000000973b7c70,0x000000009ba80000)
 Metaspace       used 101645K, capacity 105878K, committed 105944K, reserved 1140736K
  class space    used 13102K, capacity 14024K, committed 14080K, reserved 1048576K
}
Event: 298.885 GC heap before
{Heap before GC invocations=37 (full 5):
 PSYoungGen      total 448000K, used 447977K [0x00000000d5580000, 0x00000000f6680000, 0x0000000100000000)
  eden space 354304K, 100% used [0x00000000d5580000,0x00000000eaf80000,0x00000000eaf80000)
  from space 93696K, 99% used [0x00000000eaf80000,0x00000000f0afa710,0x00000000f0b00000)
  to   space 83456K, 0% used [0x00000000f1500000,0x00000000f1500000,0x00000000f6680000)
 ParOldGen       total 453120K, used 380639K [0x0000000080000000, 0x000000009ba80000, 0x00000000d5580000)
  object space 453120K, 84% used [0x0000000080000000,0x00000000973b7c70,0x000000009ba80000)
 Metaspace       used 101826K, capacity 106014K, committed 106200K, reserved 1140736K
  class space    used 13105K, capacity 14024K, committed 14080K, reserved 1048576K
Event: 299.458 GC heap after
Heap after GC invocations=37 (full 5):
 PSYoungGen      total 437760K, used 64583K [0x00000000d5580000, 0x00000000f6680000, 0x0000000100000000)
  eden space 354304K, 0% used [0x00000000d5580000,0x00000000d5580000,0x00000000eaf80000)
  from space 83456K, 77% used [0x00000000f1500000,0x00000000f5411c20,0x00000000f6680000)
  to   space 93696K, 0% used [0x00000000eaf80000,0x00000000eaf80000,0x00000000f0b00000)
 ParOldGen       total 466432K, used 466284K [0x0000000080000000, 0x000000009c780000, 0x00000000d5580000)
  object space 466432K, 99% used [0x0000000080000000,0x000000009c75b218,0x000000009c780000)
 Metaspace       used 101826K, capacity 106014K, committed 106200K, reserved 1140736K
  class space    used 13105K, capacity 14024K, committed 14080K, reserved 1048576K
}
Event: 299.458 GC heap before
{Heap before GC invocations=38 (full 6):
 PSYoungGen      total 437760K, used 64583K [0x00000000d5580000, 0x00000000f6680000, 0x0000000100000000)
  eden space 354304K, 0% used [0x00000000d5580000,0x00000000d5580000,0x00000000eaf80000)
  from space 83456K, 77% used [0x00000000f1500000,0x00000000f5411c20,0x00000000f6680000)
  to   space 93696K, 0% used [0x00000000eaf80000,0x00000000eaf80000,0x00000000f0b00000)
 ParOldGen       total 466432K, used 466284K [0x0000000080000000, 0x000000009c780000, 0x00000000d5580000)
  object space 466432K, 99% used [0x0000000080000000,0x000000009c75b218,0x000000009c780000)
 Metaspace       used 101826K, capacity 106014K, committed 106200K, reserved 1140736K
  class space    used 13105K, capacity 14024K, committed 14080K, reserved 1048576K
Event: 304.480 GC heap after
Heap after GC invocations=38 (full 6):
 PSYoungGen      total 437760K, used 0K [0x00000000d5580000, 0x00000000f6680000, 0x0000000100000000)
  eden space 354304K, 0% used [0x00000000d5580000,0x00000000d5580000,0x00000000eaf80000)
  from space 83456K, 0% used [0x00000000f1500000,0x00000000f1500000,0x00000000f6680000)
  to   space 93696K, 0% used [0x00000000eaf80000,0x00000000eaf80000,0x00000000f0b00000)
 ParOldGen       total 466432K, used 354506K [0x0000000080000000, 0x000000009c780000, 0x00000000d5580000)
  object space 466432K, 76% used [0x0000000080000000,0x0000000095a32b28,0x000000009c780000)
 Metaspace       used 100926K, capacity 104870K, committed 106200K, reserved 1140736K
  class space    used 12989K, capacity 13858K, committed 14080K, reserved 1048576K
}
Event: 317.612 GC heap before
{Heap before GC invocations=39 (full 6):
 PSYoungGen      total 437760K, used 353638K [0x00000000d5580000, 0x00000000f6680000, 0x0000000100000000)
  eden space 354304K, 99% used [0x00000000d5580000,0x00000000eaed9b18,0x00000000eaf80000)
  from space 83456K, 0% used [0x00000000f1500000,0x00000000f1500000,0x00000000f6680000)
  to   space 93696K, 0% used [0x00000000eaf80000,0x00000000eaf80000,0x00000000f0b00000)
 ParOldGen       total 466432K, used 354506K [0x0000000080000000, 0x000000009c780000, 0x00000000d5580000)
  object space 466432K, 76% used [0x0000000080000000,0x0000000095a32b28,0x000000009c780000)
 Metaspace       used 102047K, capacity 106100K, committed 106200K, reserved 1140736K
  class space    used 13141K, capacity 14007K, committed 14080K, reserved 1048576K
Event: 317.715 GC heap after
Heap after GC invocations=39 (full 6):
 PSYoungGen      total 448000K, used 57945K [0x00000000d5580000, 0x00000000f6680000, 0x0000000100000000)
  eden space 354304K, 0% used [0x00000000d5580000,0x00000000d5580000,0x00000000eaf80000)
  from space 93696K, 61% used [0x00000000eaf80000,0x00000000ee8164e8,0x00000000f0b00000)
  to   space 83456K, 0% used [0x00000000f1500000,0x00000000f1500000,0x00000000f6680000)
 ParOldGen       total 466432K, used 354514K [0x0000000080000000, 0x000000009c780000, 0x00000000d5580000)
  object space 466432K, 76% used [0x0000000080000000,0x0000000095a34b28,0x000000009c780000)
 Metaspace       used 102047K, capacity 106100K, committed 106200K, reserved 1140736K
  class space    used 13141K, capacity 14007K, committed 14080K, reserved 1048576K
}

