# JRE version: OpenJDK Runtime Environment (8.0_152-b01) (build 1.8.0_152-release-1343-b01)
# Java VM: OpenJDK 64-Bit Server VM (25.152-b01 mixed mode windows-amd64 compressed oops)
Heap:
 PSYoungGen      total 531968K, used 399593K [0x00000000d5580000, 0x0000000100000000, 0x0000000100000000)
  eden space 403968K, 67% used [0x00000000d5580000,0x00000000e6014ee0,0x00000000ee000000)
  from space 128000K, 98% used [0x00000000f8300000,0x00000000ffea57a8,0x0000000100000000)
  to   space 147456K, 0% used [0x00000000ee000000,0x00000000ee000000,0x00000000f7000000)
 ParOldGen       total 294912K, used 217221K [0x0000000080000000, 0x0000000092000000, 0x00000000d5580000)
  object space 294912K, 73% used [0x0000000080000000,0x000000008d421508,0x0000000092000000)
 Metaspace       used 117736K, capacity 124652K, committed 124824K, reserved 1157120K
  class space    used 14880K, capacity 16201K, committed 16296K, reserved 1048576K
GC Heap History (10 events):
Event: 484.227 GC heap before
{Heap before GC invocations=34 (full 4):
 PSYoungGen      total 628224K, used 628220K [0x00000000d5580000, 0x0000000100000000, 0x0000000100000000)
  eden space 557568K, 100% used [0x00000000d5580000,0x00000000f7600000,0x00000000f7600000)
  from space 70656K, 99% used [0x00000000f7600000,0x00000000fbaff000,0x00000000fbb00000)
  to   space 70656K, 0% used [0x00000000fbb00000,0x00000000fbb00000,0x0000000100000000)
 ParOldGen       total 294912K, used 166542K [0x0000000080000000, 0x0000000092000000, 0x00000000d5580000)
  object space 294912K, 56% used [0x0000000080000000,0x000000008a2a3848,0x0000000092000000)
 Metaspace       used 113041K, capacity 119270K, committed 119448K, reserved 1153024K
  class space    used 14297K, capacity 15510K, committed 15528K, reserved 1048576K
Event: 484.330 GC heap after
Heap after GC invocations=34 (full 4):
 PSYoungGen      total 580096K, used 62882K [0x00000000d5580000, 0x0000000100000000, 0x0000000100000000)
  eden space 509440K, 0% used [0x00000000d5580000,0x00000000d5580000,0x00000000f4700000)
  from space 70656K, 88% used [0x00000000fbb00000,0x00000000ff868880,0x0000000100000000)
  to   space 94720K, 0% used [0x00000000f4700000,0x00000000f4700000,0x00000000fa380000)
 ParOldGen       total 294912K, used 169921K [0x0000000080000000, 0x0000000092000000, 0x00000000d5580000)
  object space 294912K, 57% used [0x0000000080000000,0x000000008a5f06e8,0x0000000092000000)
 Metaspace       used 113041K, capacity 119270K, committed 119448K, reserved 1153024K
  class space    used 14297K, capacity 15510K, committed 15528K, reserved 1048576K
}
Event: 492.443 GC heap before
{Heap before GC invocations=35 (full 4):
 PSYoungGen      total 580096K, used 572322K [0x00000000d5580000, 0x0000000100000000, 0x0000000100000000)
  eden space 509440K, 100% used [0x00000000d5580000,0x00000000f4700000,0x00000000f4700000)
  from space 70656K, 88% used [0x00000000fbb00000,0x00000000ff868880,0x0000000100000000)
  to   space 94720K, 0% used [0x00000000f4700000,0x00000000f4700000,0x00000000fa380000)
 ParOldGen       total 294912K, used 169921K [0x0000000080000000, 0x0000000092000000, 0x00000000d5580000)
  object space 294912K, 57% used [0x0000000080000000,0x000000008a5f06e8,0x0000000092000000)
 Metaspace       used 114232K, capacity 120602K, committed 120728K, reserved 1155072K
  class space    used 14459K, capacity 15684K, committed 15784K, reserved 1048576K
Event: 492.619 GC heap after
Heap after GC invocations=35 (full 4):
 PSYoungGen      total 604160K, used 94695K [0x00000000d5580000, 0x0000000100000000, 0x0000000100000000)
  eden space 509440K, 0% used [0x00000000d5580000,0x00000000d5580000,0x00000000f4700000)
  from space 94720K, 99% used [0x00000000f4700000,0x00000000fa379e40,0x00000000fa380000)
  to   space 94720K, 0% used [0x00000000fa380000,0x00000000fa380000,0x0000000100000000)
 ParOldGen       total 294912K, used 199675K [0x0000000080000000, 0x0000000092000000, 0x00000000d5580000)
  object space 294912K, 67% used [0x0000000080000000,0x000000008c2fec68,0x0000000092000000)
 Metaspace       used 114232K, capacity 120602K, committed 120728K, reserved 1155072K
  class space    used 14459K, capacity 15684K, committed 15784K, reserved 1048576K
}
Event: 704.903 GC heap before
{Heap before GC invocations=36 (full 4):
 PSYoungGen      total 604160K, used 604135K [0x00000000d5580000, 0x0000000100000000, 0x0000000100000000)
  eden space 509440K, 100% used [0x00000000d5580000,0x00000000f4700000,0x00000000f4700000)
  from space 94720K, 99% used [0x00000000f4700000,0x00000000fa379e40,0x00000000fa380000)
  to   space 94720K, 0% used [0x00000000fa380000,0x00000000fa380000,0x0000000100000000)
 ParOldGen       total 294912K, used 199675K [0x0000000080000000, 0x0000000092000000, 0x00000000d5580000)
  object space 294912K, 67% used [0x0000000080000000,0x000000008c2fec68,0x0000000092000000)
 Metaspace       used 116380K, capacity 122920K, committed 123032K, reserved 1157120K
  class space    used 14761K, capacity 16033K, committed 16040K, reserved 1048576K
Event: 705.036 GC heap after
Heap after GC invocations=36 (full 4):
 PSYoungGen      total 545792K, used 75539K [0x00000000d5580000, 0x0000000100000000, 0x0000000100000000)
  eden space 451072K, 0% used [0x00000000d5580000,0x00000000d5580000,0x00000000f0e00000)
  from space 94720K, 79% used [0x00000000fa380000,0x00000000fed44e08,0x0000000100000000)
  to   space 123904K, 0% used [0x00000000f0e00000,0x00000000f0e00000,0x00000000f8700000)
 ParOldGen       total 294912K, used 217205K [0x0000000080000000, 0x0000000092000000, 0x00000000d5580000)
  object space 294912K, 73% used [0x0000000080000000,0x000000008d41d508,0x0000000092000000)
 Metaspace       used 116380K, capacity 122920K, committed 123032K, reserved 1157120K
  class space    used 14761K, capacity 16033K, committed 16040K, reserved 1048576K
}
Event: 715.711 GC heap before
{Heap before GC invocations=37 (full 4):
 PSYoungGen      total 545792K, used 526611K [0x00000000d5580000, 0x0000000100000000, 0x0000000100000000)
  eden space 451072K, 100% used [0x00000000d5580000,0x00000000f0e00000,0x00000000f0e00000)
  from space 94720K, 79% used [0x00000000fa380000,0x00000000fed44e08,0x0000000100000000)
  to   space 123904K, 0% used [0x00000000f0e00000,0x00000000f0e00000,0x00000000f8700000)
 ParOldGen       total 294912K, used 217205K [0x0000000080000000, 0x0000000092000000, 0x00000000d5580000)
  object space 294912K, 73% used [0x0000000080000000,0x000000008d41d508,0x0000000092000000)
 Metaspace       used 116701K, capacity 123346K, committed 123416K, reserved 1157120K
  class space    used 14795K, capacity 16098K, committed 16168K, reserved 1048576K
Event: 715.810 GC heap after
Heap after GC invocations=37 (full 4):
 PSYoungGen      total 531968K, used 80525K [0x00000000d5580000, 0x0000000100000000, 0x0000000100000000)
  eden space 451072K, 0% used [0x00000000d5580000,0x00000000d5580000,0x00000000f0e00000)
  from space 80896K, 99% used [0x00000000f0e00000,0x00000000f5ca36f0,0x00000000f5d00000)
  to   space 128000K, 0% used [0x00000000f8300000,0x00000000f8300000,0x0000000100000000)
 ParOldGen       total 294912K, used 217213K [0x0000000080000000, 0x0000000092000000, 0x00000000d5580000)
  object space 294912K, 73% used [0x0000000080000000,0x000000008d41f508,0x0000000092000000)
 Metaspace       used 116701K, capacity 123346K, committed 123416K, reserved 1157120K
  class space    used 14795K, capacity 16098K, committed 16168K, reserved 1048576K
}
Event: 794.304 GC heap before
{Heap before GC invocations=38 (full 4):
 PSYoungGen      total 531968K, used 531597K [0x00000000d5580000, 0x0000000100000000, 0x0000000100000000)
  eden space 451072K, 100% used [0x00000000d5580000,0x00000000f0e00000,0x00000000f0e00000)
  from space 80896K, 99% used [0x00000000f0e00000,0x00000000f5ca36f0,0x00000000f5d00000)
  to   space 128000K, 0% used [0x00000000f8300000,0x00000000f8300000,0x0000000100000000)
 ParOldGen       total 294912K, used 217213K [0x0000000080000000, 0x0000000092000000, 0x00000000d5580000)
  object space 294912K, 73% used [0x0000000080000000,0x000000008d41f508,0x0000000092000000)
 Metaspace       used 117423K, capacity 124320K, committed 124568K, reserved 1157120K
  class space    used 14861K, capacity 16199K, committed 16296K, reserved 1048576K
Event: 794.518 GC heap after
Heap after GC invocations=38 (full 4):
 PSYoungGen      total 531968K, used 126613K [0x00000000d5580000, 0x0000000100000000, 0x0000000100000000)
  eden space 403968K, 0% used [0x00000000d5580000,0x00000000d5580000,0x00000000ee000000)
  from space 128000K, 98% used [0x00000000f8300000,0x00000000ffea57a8,0x0000000100000000)
  to   space 147456K, 0% used [0x00000000ee000000,0x00000000ee000000,0x00000000f7000000)
 ParOldGen       total 294912K, used 217221K [0x0000000080000000, 0x0000000092000000, 0x00000000d5580000)
  object space 294912K, 73% used [0x0000000080000000,0x000000008d421508,0x0000000092000000)
 Metaspace       used 117423K, capacity 124320K, committed 124568K, reserved 1157120K
  class space    used 14861K, capacity 16199K, committed 16296K, reserved 1048576K
}

