# JRE version: OpenJDK Runtime Environment (8.0_152-b01) (build 1.8.0_152-release-1343-b01)
# Java VM: OpenJDK 64-Bit Server VM (25.152-b01 mixed mode windows-amd64 compressed oops)
Heap:
 PSYoungGen      total 417280K, used 291258K [0x00000000d5580000, 0x00000000f5580000, 0x0000000100000000)
  eden space 360960K, 65% used [0x00000000d5580000,0x00000000e3af6250,0x00000000eb600000)
  from space 56320K, 99% used [0x00000000eb600000,0x00000000eecf88d0,0x00000000eed00000)
  to   space 67584K, 0% used [0x00000000f1380000,0x00000000f1380000,0x00000000f5580000)
 ParOldGen       total 223744K, used 180698K [0x0000000080000000, 0x000000008da80000, 0x00000000d5580000)
  object space 223744K, 80% used [0x0000000080000000,0x000000008b076ab8,0x000000008da80000)
 Metaspace       used 93283K, capacity 98118K, committed 98216K, reserved 1134592K
  class space    used 11980K, capacity 12974K, committed 12976K, reserved 1048576K
GC Heap History (10 events):
Event: 134.659 GC heap before
{Heap before GC invocations=25 (full 4):
 PSYoungGen      total 317952K, used 283648K [0x00000000d5580000, 0x00000000eaf00000, 0x0000000100000000)
  eden space 283648K, 100% used [0x00000000d5580000,0x00000000e6a80000,0x00000000e6a80000)
  from space 34304K, 0% used [0x00000000e8a80000,0x00000000e8a80000,0x00000000eac00000)
  to   space 32768K, 0% used [0x00000000e6a80000,0x00000000e6a80000,0x00000000e8a80000)
 ParOldGen       total 223744K, used 105918K [0x0000000080000000, 0x000000008da80000, 0x00000000d5580000)
  object space 223744K, 47% used [0x0000000080000000,0x000000008676f9a0,0x000000008da80000)
 Metaspace       used 78124K, capacity 81634K, committed 81832K, reserved 1120256K
  class space    used 10338K, capacity 11060K, committed 11184K, reserved 1048576K
Event: 134.724 GC heap after
Heap after GC invocations=25 (full 4):
 PSYoungGen      total 316416K, used 12070K [0x00000000d5580000, 0x00000000ed380000, 0x0000000100000000)
  eden space 283648K, 0% used [0x00000000d5580000,0x00000000d5580000,0x00000000e6a80000)
  from space 32768K, 36% used [0x00000000e6a80000,0x00000000e7649888,0x00000000e8a80000)
  to   space 31232K, 0% used [0x00000000eb500000,0x00000000eb500000,0x00000000ed380000)
 ParOldGen       total 223744K, used 105926K [0x0000000080000000, 0x000000008da80000, 0x00000000d5580000)
  object space 223744K, 47% used [0x0000000080000000,0x00000000867719a0,0x000000008da80000)
 Metaspace       used 78124K, capacity 81634K, committed 81832K, reserved 1120256K
  class space    used 10338K, capacity 11060K, committed 11184K, reserved 1048576K
}
Event: 162.544 GC heap before
{Heap before GC invocations=26 (full 4):
 PSYoungGen      total 316416K, used 295718K [0x00000000d5580000, 0x00000000ed380000, 0x0000000100000000)
  eden space 283648K, 100% used [0x00000000d5580000,0x00000000e6a80000,0x00000000e6a80000)
  from space 32768K, 36% used [0x00000000e6a80000,0x00000000e7649888,0x00000000e8a80000)
  to   space 31232K, 0% used [0x00000000eb500000,0x00000000eb500000,0x00000000ed380000)
 ParOldGen       total 223744K, used 105926K [0x0000000080000000, 0x000000008da80000, 0x00000000d5580000)
  object space 223744K, 47% used [0x0000000080000000,0x00000000867719a0,0x000000008da80000)
 Metaspace       used 82960K, capacity 87454K, committed 87464K, reserved 1124352K
  class space    used 10777K, capacity 11694K, committed 11696K, reserved 1048576K
Event: 162.695 GC heap after
Heap after GC invocations=26 (full 4):
 PSYoungGen      total 352256K, used 31212K [0x00000000d5580000, 0x00000000edd80000, 0x0000000100000000)
  eden space 321024K, 0% used [0x00000000d5580000,0x00000000d5580000,0x00000000e8f00000)
  from space 31232K, 99% used [0x00000000eb500000,0x00000000ed37b1e0,0x00000000ed380000)
  to   space 38912K, 0% used [0x00000000e8f00000,0x00000000e8f00000,0x00000000eb500000)
 ParOldGen       total 223744K, used 113604K [0x0000000080000000, 0x000000008da80000, 0x00000000d5580000)
  object space 223744K, 50% used [0x0000000080000000,0x0000000086ef1068,0x000000008da80000)
 Metaspace       used 82960K, capacity 87454K, committed 87464K, reserved 1124352K
  class space    used 10777K, capacity 11694K, committed 11696K, reserved 1048576K
}
Event: 179.521 GC heap before
{Heap before GC invocations=27 (full 4):
 PSYoungGen      total 352256K, used 352236K [0x00000000d5580000, 0x00000000edd80000, 0x0000000100000000)
  eden space 321024K, 100% used [0x00000000d5580000,0x00000000e8f00000,0x00000000e8f00000)
  from space 31232K, 99% used [0x00000000eb500000,0x00000000ed37b1e0,0x00000000ed380000)
  to   space 38912K, 0% used [0x00000000e8f00000,0x00000000e8f00000,0x00000000eb500000)
 ParOldGen       total 223744K, used 113604K [0x0000000080000000, 0x000000008da80000, 0x00000000d5580000)
  object space 223744K, 50% used [0x0000000080000000,0x0000000086ef1068,0x000000008da80000)
 Metaspace       used 91155K, capacity 95910K, committed 96296K, reserved 1132544K
  class space    used 11802K, capacity 12760K, committed 12848K, reserved 1048576K
Event: 179.708 GC heap after
Heap after GC invocations=27 (full 4):
 PSYoungGen      total 359936K, used 38893K [0x00000000d5580000, 0x00000000f2480000, 0x0000000100000000)
  eden space 321024K, 0% used [0x00000000d5580000,0x00000000d5580000,0x00000000e8f00000)
  from space 38912K, 99% used [0x00000000e8f00000,0x00000000eb4fb558,0x00000000eb500000)
  to   space 54784K, 0% used [0x00000000eef00000,0x00000000eef00000,0x00000000f2480000)
 ParOldGen       total 223744K, used 139493K [0x0000000080000000, 0x000000008da80000, 0x00000000d5580000)
  object space 223744K, 62% used [0x0000000080000000,0x0000000088839790,0x000000008da80000)
 Metaspace       used 91155K, capacity 95910K, committed 96296K, reserved 1132544K
  class space    used 11802K, capacity 12760K, committed 12848K, reserved 1048576K
}
Event: 210.588 GC heap before
{Heap before GC invocations=28 (full 4):
 PSYoungGen      total 359936K, used 359917K [0x00000000d5580000, 0x00000000f2480000, 0x0000000100000000)
  eden space 321024K, 100% used [0x00000000d5580000,0x00000000e8f00000,0x00000000e8f00000)
  from space 38912K, 99% used [0x00000000e8f00000,0x00000000eb4fb558,0x00000000eb500000)
  to   space 54784K, 0% used [0x00000000eef00000,0x00000000eef00000,0x00000000f2480000)
 ParOldGen       total 223744K, used 139493K [0x0000000080000000, 0x000000008da80000, 0x00000000d5580000)
  object space 223744K, 62% used [0x0000000080000000,0x0000000088839790,0x000000008da80000)
 Metaspace       used 92041K, capacity 96764K, committed 97064K, reserved 1134592K
  class space    used 11885K, capacity 12829K, committed 12848K, reserved 1048576K
Event: 210.786 GC heap after
Heap after GC invocations=28 (full 4):
 PSYoungGen      total 415232K, used 34954K [0x00000000d5580000, 0x00000000f2400000, 0x0000000100000000)
  eden space 360960K, 0% used [0x00000000d5580000,0x00000000d5580000,0x00000000eb600000)
  from space 54272K, 64% used [0x00000000eef00000,0x00000000f1122bb0,0x00000000f2400000)
  to   space 56320K, 0% used [0x00000000eb600000,0x00000000eb600000,0x00000000eed00000)
 ParOldGen       total 223744K, used 176033K [0x0000000080000000, 0x000000008da80000, 0x00000000d5580000)
  object space 223744K, 78% used [0x0000000080000000,0x000000008abe8728,0x000000008da80000)
 Metaspace       used 92041K, capacity 96764K, committed 97064K, reserved 1134592K
  class space    used 11885K, capacity 12829K, committed 12848K, reserved 1048576K
}
Event: 400.252 GC heap before
{Heap before GC invocations=29 (full 4):
 PSYoungGen      total 415232K, used 395914K [0x00000000d5580000, 0x00000000f2400000, 0x0000000100000000)
  eden space 360960K, 100% used [0x00000000d5580000,0x00000000eb600000,0x00000000eb600000)
  from space 54272K, 64% used [0x00000000eef00000,0x00000000f1122bb0,0x00000000f2400000)
  to   space 56320K, 0% used [0x00000000eb600000,0x00000000eb600000,0x00000000eed00000)
 ParOldGen       total 223744K, used 176033K [0x0000000080000000, 0x000000008da80000, 0x00000000d5580000)
  object space 223744K, 78% used [0x0000000080000000,0x000000008abe8728,0x000000008da80000)
 Metaspace       used 92929K, capacity 97796K, committed 97960K, reserved 1134592K
  class space    used 11946K, capacity 12933K, committed 12976K, reserved 1048576K
Event: 400.487 GC heap after
Heap after GC invocations=29 (full 4):
 PSYoungGen      total 417280K, used 56290K [0x00000000d5580000, 0x00000000f5580000, 0x0000000100000000)
  eden space 360960K, 0% used [0x00000000d5580000,0x00000000d5580000,0x00000000eb600000)
  from space 56320K, 99% used [0x00000000eb600000,0x00000000eecf88d0,0x00000000eed00000)
  to   space 67584K, 0% used [0x00000000f1380000,0x00000000f1380000,0x00000000f5580000)
 ParOldGen       total 223744K, used 180698K [0x0000000080000000, 0x000000008da80000, 0x00000000d5580000)
  object space 223744K, 80% used [0x0000000080000000,0x000000008b076ab8,0x000000008da80000)
 Metaspace       used 92929K, capacity 97796K, committed 97960K, reserved 1134592K
  class space    used 11946K, capacity 12933K, committed 12976K, reserved 1048576K
}

