# JRE version: OpenJDK Runtime Environment (8.0_152-b01) (build 1.8.0_152-release-1343-b01)
# Java VM: OpenJDK 64-Bit Server VM (25.152-b01 mixed mode windows-amd64 compressed oops)
Heap:
 PSYoungGen      total 223232K, used 115725K [0x00000000d5f00000, 0x00000000ea400000, 0x0000000100000000)
  eden space 174592K, 53% used [0x00000000d5f00000,0x00000000dbab8ba8,0x00000000e0980000)
  from space 48640K, 44% used [0x00000000e0980000,0x00000000e1ecaa98,0x00000000e3900000)
  to   space 46080K, 0% used [0x00000000e7700000,0x00000000e7700000,0x00000000ea400000)
 ParOldGen       total 194048K, used 78720K [0x0000000081c00000, 0x000000008d980000, 0x00000000d5f00000)
  object space 194048K, 40% used [0x0000000081c00000,0x00000000868e02b8,0x000000008d980000)
 Metaspace       used 67598K, capacity 69100K, committed 69144K, reserved 1110016K
  class space    used 7625K, capacity 7961K, committed 7984K, reserved 1048576K
GC Heap History (10 events):
Event: 30.386 GC heap before
{Heap before GC invocations=14 (full 2):
 PSYoungGen      total 139264K, used 139244K [0x00000000d5f00000, 0x00000000e3080000, 0x0000000100000000)
  eden space 101888K, 100% used [0x00000000d5f00000,0x00000000dc280000,0x00000000dc280000)
  from space 37376K, 99% used [0x00000000dc280000,0x00000000de6fb3d8,0x00000000de700000)
  to   space 44032K, 0% used [0x00000000e0580000,0x00000000e0580000,0x00000000e3080000)
 ParOldGen       total 129024K, used 56168K [0x0000000081c00000, 0x0000000089a00000, 0x00000000d5f00000)
  object space 129024K, 43% used [0x0000000081c00000,0x00000000852da2b8,0x0000000089a00000)
 Metaspace       used 57788K, capacity 59102K, committed 59160K, reserved 1101824K
  class space    used 6856K, capacity 7190K, committed 7216K, reserved 1048576K
Event: 30.485 GC heap after
Heap after GC invocations=14 (full 2):
 PSYoungGen      total 167424K, used 34518K [0x00000000d5f00000, 0x00000000e3480000, 0x0000000100000000)
  eden space 123392K, 0% used [0x00000000d5f00000,0x00000000d5f00000,0x00000000dd780000)
  from space 44032K, 78% used [0x00000000e0580000,0x00000000e2735970,0x00000000e3080000)
  to   space 47104K, 0% used [0x00000000dd780000,0x00000000dd780000,0x00000000e0580000)
 ParOldGen       total 129024K, used 67453K [0x0000000081c00000, 0x0000000089a00000, 0x00000000d5f00000)
  object space 129024K, 52% used [0x0000000081c00000,0x0000000085ddf7f0,0x0000000089a00000)
 Metaspace       used 57788K, capacity 59102K, committed 59160K, reserved 1101824K
  class space    used 6856K, capacity 7190K, committed 7216K, reserved 1048576K
}
Event: 30.721 GC heap before
{Heap before GC invocations=15 (full 2):
 PSYoungGen      total 167424K, used 41871K [0x00000000d5f00000, 0x00000000e3480000, 0x0000000100000000)
  eden space 123392K, 5% used [0x00000000d5f00000,0x00000000d662e5b0,0x00000000dd780000)
  from space 44032K, 78% used [0x00000000e0580000,0x00000000e2735970,0x00000000e3080000)
  to   space 47104K, 0% used [0x00000000dd780000,0x00000000dd780000,0x00000000e0580000)
 ParOldGen       total 129024K, used 67453K [0x0000000081c00000, 0x0000000089a00000, 0x00000000d5f00000)
  object space 129024K, 52% used [0x0000000081c00000,0x0000000085ddf7f0,0x0000000089a00000)
 Metaspace       used 57823K, capacity 59116K, committed 59160K, reserved 1101824K
  class space    used 6858K, capacity 7191K, committed 7216K, reserved 1048576K
Event: 30.817 GC heap after
Heap after GC invocations=15 (full 2):
 PSYoungGen      total 170496K, used 34338K [0x00000000d5f00000, 0x00000000e6e00000, 0x0000000100000000)
  eden space 123392K, 0% used [0x00000000d5f00000,0x00000000d5f00000,0x00000000dd780000)
  from space 47104K, 72% used [0x00000000dd780000,0x00000000df908820,0x00000000e0580000)
  to   space 49664K, 0% used [0x00000000e3d80000,0x00000000e3d80000,0x00000000e6e00000)
 ParOldGen       total 129024K, used 67461K [0x0000000081c00000, 0x0000000089a00000, 0x00000000d5f00000)
  object space 129024K, 52% used [0x0000000081c00000,0x0000000085de17f0,0x0000000089a00000)
 Metaspace       used 57823K, capacity 59116K, committed 59160K, reserved 1101824K
  class space    used 6858K, capacity 7191K, committed 7216K, reserved 1048576K
}
Event: 30.817 GC heap before
{Heap before GC invocations=16 (full 3):
 PSYoungGen      total 170496K, used 34338K [0x00000000d5f00000, 0x00000000e6e00000, 0x0000000100000000)
  eden space 123392K, 0% used [0x00000000d5f00000,0x00000000d5f00000,0x00000000dd780000)
  from space 47104K, 72% used [0x00000000dd780000,0x00000000df908820,0x00000000e0580000)
  to   space 49664K, 0% used [0x00000000e3d80000,0x00000000e3d80000,0x00000000e6e00000)
 ParOldGen       total 129024K, used 67461K [0x0000000081c00000, 0x0000000089a00000, 0x00000000d5f00000)
  object space 129024K, 52% used [0x0000000081c00000,0x0000000085de17f0,0x0000000089a00000)
 Metaspace       used 57823K, capacity 59116K, committed 59160K, reserved 1101824K
  class space    used 6858K, capacity 7191K, committed 7216K, reserved 1048576K
Event: 31.546 GC heap after
Heap after GC invocations=16 (full 3):
 PSYoungGen      total 170496K, used 0K [0x00000000d5f00000, 0x00000000e6e00000, 0x0000000100000000)
  eden space 123392K, 0% used [0x00000000d5f00000,0x00000000d5f00000,0x00000000dd780000)
  from space 47104K, 0% used [0x00000000dd780000,0x00000000dd780000,0x00000000e0580000)
  to   space 49664K, 0% used [0x00000000e3d80000,0x00000000e3d80000,0x00000000e6e00000)
 ParOldGen       total 194048K, used 78704K [0x0000000081c00000, 0x000000008d980000, 0x00000000d5f00000)
  object space 194048K, 40% used [0x0000000081c00000,0x00000000868dc2b8,0x000000008d980000)
 Metaspace       used 57823K, capacity 59116K, committed 59160K, reserved 1101824K
  class space    used 6858K, capacity 7191K, committed 7216K, reserved 1048576K
}
Event: 35.132 GC heap before
{Heap before GC invocations=17 (full 3):
 PSYoungGen      total 170496K, used 123392K [0x00000000d5f00000, 0x00000000e6e00000, 0x0000000100000000)
  eden space 123392K, 100% used [0x00000000d5f00000,0x00000000dd780000,0x00000000dd780000)
  from space 47104K, 0% used [0x00000000dd780000,0x00000000dd780000,0x00000000e0580000)
  to   space 49664K, 0% used [0x00000000e3d80000,0x00000000e3d80000,0x00000000e6e00000)
 ParOldGen       total 194048K, used 78704K [0x0000000081c00000, 0x000000008d980000, 0x00000000d5f00000)
  object space 194048K, 40% used [0x0000000081c00000,0x00000000868dc2b8,0x000000008d980000)
 Metaspace       used 58326K, capacity 59704K, committed 60056K, reserved 1101824K
  class space    used 6878K, capacity 7225K, committed 7344K, reserved 1048576K
Event: 35.162 GC heap after
Heap after GC invocations=17 (full 3):
 PSYoungGen      total 218624K, used 11622K [0x00000000d5f00000, 0x00000000e6880000, 0x0000000100000000)
  eden space 174592K, 0% used [0x00000000d5f00000,0x00000000d5f00000,0x00000000e0980000)
  from space 44032K, 26% used [0x00000000e3d80000,0x00000000e48d9830,0x00000000e6880000)
  to   space 48640K, 0% used [0x00000000e0980000,0x00000000e0980000,0x00000000e3900000)
 ParOldGen       total 194048K, used 78712K [0x0000000081c00000, 0x000000008d980000, 0x00000000d5f00000)
  object space 194048K, 40% used [0x0000000081c00000,0x00000000868de2b8,0x000000008d980000)
 Metaspace       used 58326K, capacity 59704K, committed 60056K, reserved 1101824K
  class space    used 6878K, capacity 7225K, committed 7344K, reserved 1048576K
}
Event: 40.721 GC heap before
{Heap before GC invocations=18 (full 3):
 PSYoungGen      total 218624K, used 186214K [0x00000000d5f00000, 0x00000000e6880000, 0x0000000100000000)
  eden space 174592K, 100% used [0x00000000d5f00000,0x00000000e0980000,0x00000000e0980000)
  from space 44032K, 26% used [0x00000000e3d80000,0x00000000e48d9830,0x00000000e6880000)
  to   space 48640K, 0% used [0x00000000e0980000,0x00000000e0980000,0x00000000e3900000)
 ParOldGen       total 194048K, used 78712K [0x0000000081c00000, 0x000000008d980000, 0x00000000d5f00000)
  object space 194048K, 40% used [0x0000000081c00000,0x00000000868de2b8,0x000000008d980000)
 Metaspace       used 66898K, capacity 68404K, committed 68632K, reserved 1110016K
  class space    used 7591K, capacity 7923K, committed 7984K, reserved 1048576K
Event: 40.755 GC heap after
Heap after GC invocations=18 (full 3):
 PSYoungGen      total 223232K, used 21802K [0x00000000d5f00000, 0x00000000ea400000, 0x0000000100000000)
  eden space 174592K, 0% used [0x00000000d5f00000,0x00000000d5f00000,0x00000000e0980000)
  from space 48640K, 44% used [0x00000000e0980000,0x00000000e1ecaa98,0x00000000e3900000)
  to   space 46080K, 0% used [0x00000000e7700000,0x00000000e7700000,0x00000000ea400000)
 ParOldGen       total 194048K, used 78720K [0x0000000081c00000, 0x000000008d980000, 0x00000000d5f00000)
  object space 194048K, 40% used [0x0000000081c00000,0x00000000868e02b8,0x000000008d980000)
 Metaspace       used 66898K, capacity 68404K, committed 68632K, reserved 1110016K
  class space    used 7591K, capacity 7923K, committed 7984K, reserved 1048576K
}

