# JRE version: OpenJDK Runtime Environment (8.0_152-b01) (build 1.8.0_152-release-1343-b01)
# Java VM: OpenJDK 64-Bit Server VM (25.152-b01 mixed mode windows-amd64 compressed oops)
Heap:
 PSYoungGen      total 538624K, used 131784K [0x00000000d5580000, 0x00000000fd580000, 0x0000000100000000)
  eden space 449536K, 25% used [0x00000000d5580000,0x00000000dc4c4bd8,0x00000000f0c80000)
  from space 89088K, 20% used [0x00000000f0c80000,0x00000000f1ded5c0,0x00000000f6380000)
  to   space 75776K, 0% used [0x00000000f8b80000,0x00000000f8b80000,0x00000000fd580000)
 ParOldGen       total 423936K, used 302373K [0x0000000080000000, 0x0000000099e00000, 0x00000000d5580000)
  object space 423936K, 71% used [0x0000000080000000,0x0000000092749468,0x0000000099e00000)
 Metaspace       used 101618K, capacity 105752K, committed 105816K, reserved 1140736K
  class space    used 13026K, capacity 13925K, committed 13952K, reserved 1048576K
GC Heap History (10 events):
Event: 248.275 GC heap before
{Heap before GC invocations=32 (full 5):
 PSYoungGen      total 539648K, used 463197K [0x00000000d5580000, 0x00000000fbb80000, 0x0000000100000000)
  eden space 449536K, 100% used [0x00000000d5580000,0x00000000f0c80000,0x00000000f0c80000)
  from space 90112K, 15% used [0x00000000f6380000,0x00000000f70d74c8,0x00000000fbb80000)
  to   space 89088K, 0% used [0x00000000f0c80000,0x00000000f0c80000,0x00000000f6380000)
 ParOldGen       total 423936K, used 299700K [0x0000000080000000, 0x0000000099e00000, 0x00000000d5580000)
  object space 423936K, 70% used [0x0000000080000000,0x00000000924ad258,0x0000000099e00000)
 Metaspace       used 101408K, capacity 105460K, committed 105560K, reserved 1140736K
  class space    used 13019K, capacity 13923K, committed 13952K, reserved 1048576K
Event: 248.338 GC heap after
Heap after GC invocations=32 (full 5):
 PSYoungGen      total 538624K, used 11183K [0x00000000d5580000, 0x00000000fbb80000, 0x0000000100000000)
  eden space 449536K, 0% used [0x00000000d5580000,0x00000000d5580000,0x00000000f0c80000)
  from space 89088K, 12% used [0x00000000f0c80000,0x00000000f176bee0,0x00000000f6380000)
  to   space 90112K, 0% used [0x00000000f6380000,0x00000000f6380000,0x00000000fbb80000)
 ParOldGen       total 423936K, used 302341K [0x0000000080000000, 0x0000000099e00000, 0x00000000d5580000)
  object space 423936K, 71% used [0x0000000080000000,0x0000000092741468,0x0000000099e00000)
 Metaspace       used 101408K, capacity 105460K, committed 105560K, reserved 1140736K
  class space    used 13019K, capacity 13923K, committed 13952K, reserved 1048576K
}
Event: 254.900 GC heap before
{Heap before GC invocations=33 (full 5):
 PSYoungGen      total 538624K, used 460719K [0x00000000d5580000, 0x00000000fbb80000, 0x0000000100000000)
  eden space 449536K, 100% used [0x00000000d5580000,0x00000000f0c80000,0x00000000f0c80000)
  from space 89088K, 12% used [0x00000000f0c80000,0x00000000f176bee0,0x00000000f6380000)
  to   space 90112K, 0% used [0x00000000f6380000,0x00000000f6380000,0x00000000fbb80000)
 ParOldGen       total 423936K, used 302341K [0x0000000080000000, 0x0000000099e00000, 0x00000000d5580000)
  object space 423936K, 71% used [0x0000000080000000,0x0000000092741468,0x0000000099e00000)
 Metaspace       used 101449K, capacity 105606K, committed 105816K, reserved 1140736K
  class space    used 13020K, capacity 13924K, committed 13952K, reserved 1048576K
Event: 254.948 GC heap after
Heap after GC invocations=33 (full 5):
 PSYoungGen      total 539648K, used 18167K [0x00000000d5580000, 0x00000000fbb80000, 0x0000000100000000)
  eden space 449536K, 0% used [0x00000000d5580000,0x00000000d5580000,0x00000000f0c80000)
  from space 90112K, 20% used [0x00000000f6380000,0x00000000f753dc50,0x00000000fbb80000)
  to   space 89088K, 0% used [0x00000000f0c80000,0x00000000f0c80000,0x00000000f6380000)
 ParOldGen       total 423936K, used 302349K [0x0000000080000000, 0x0000000099e00000, 0x00000000d5580000)
  object space 423936K, 71% used [0x0000000080000000,0x0000000092743468,0x0000000099e00000)
 Metaspace       used 101449K, capacity 105606K, committed 105816K, reserved 1140736K
  class space    used 13020K, capacity 13924K, committed 13952K, reserved 1048576K
}
Event: 259.265 GC heap before
{Heap before GC invocations=34 (full 5):
 PSYoungGen      total 539648K, used 467703K [0x00000000d5580000, 0x00000000fbb80000, 0x0000000100000000)
  eden space 449536K, 100% used [0x00000000d5580000,0x00000000f0c80000,0x00000000f0c80000)
  from space 90112K, 20% used [0x00000000f6380000,0x00000000f753dc50,0x00000000fbb80000)
  to   space 89088K, 0% used [0x00000000f0c80000,0x00000000f0c80000,0x00000000f6380000)
 ParOldGen       total 423936K, used 302349K [0x0000000080000000, 0x0000000099e00000, 0x00000000d5580000)
  object space 423936K, 71% used [0x0000000080000000,0x0000000092743468,0x0000000099e00000)
 Metaspace       used 101550K, capacity 105682K, committed 105816K, reserved 1140736K
  class space    used 13025K, capacity 13924K, committed 13952K, reserved 1048576K
Event: 259.331 GC heap after
Heap after GC invocations=34 (full 5):
 PSYoungGen      total 538624K, used 14363K [0x00000000d5580000, 0x00000000fbb80000, 0x0000000100000000)
  eden space 449536K, 0% used [0x00000000d5580000,0x00000000d5580000,0x00000000f0c80000)
  from space 89088K, 16% used [0x00000000f0c80000,0x00000000f1a86de8,0x00000000f6380000)
  to   space 90112K, 0% used [0x00000000f6380000,0x00000000f6380000,0x00000000fbb80000)
 ParOldGen       total 423936K, used 302357K [0x0000000080000000, 0x0000000099e00000, 0x00000000d5580000)
  object space 423936K, 71% used [0x0000000080000000,0x0000000092745468,0x0000000099e00000)
 Metaspace       used 101550K, capacity 105682K, committed 105816K, reserved 1140736K
  class space    used 13025K, capacity 13924K, committed 13952K, reserved 1048576K
}
Event: 263.477 GC heap before
{Heap before GC invocations=35 (full 5):
 PSYoungGen      total 538624K, used 463899K [0x00000000d5580000, 0x00000000fbb80000, 0x0000000100000000)
  eden space 449536K, 100% used [0x00000000d5580000,0x00000000f0c80000,0x00000000f0c80000)
  from space 89088K, 16% used [0x00000000f0c80000,0x00000000f1a86de8,0x00000000f6380000)
  to   space 90112K, 0% used [0x00000000f6380000,0x00000000f6380000,0x00000000fbb80000)
 ParOldGen       total 423936K, used 302357K [0x0000000080000000, 0x0000000099e00000, 0x00000000d5580000)
  object space 423936K, 71% used [0x0000000080000000,0x0000000092745468,0x0000000099e00000)
 Metaspace       used 101587K, capacity 105752K, committed 105816K, reserved 1140736K
  class space    used 13026K, capacity 13925K, committed 13952K, reserved 1048576K
Event: 263.530 GC heap after
Heap after GC invocations=35 (full 5):
 PSYoungGen      total 539648K, used 16476K [0x00000000d5580000, 0x00000000fbb80000, 0x0000000100000000)
  eden space 449536K, 0% used [0x00000000d5580000,0x00000000d5580000,0x00000000f0c80000)
  from space 90112K, 18% used [0x00000000f6380000,0x00000000f7397248,0x00000000fbb80000)
  to   space 89088K, 0% used [0x00000000f0c80000,0x00000000f0c80000,0x00000000f6380000)
 ParOldGen       total 423936K, used 302365K [0x0000000080000000, 0x0000000099e00000, 0x00000000d5580000)
  object space 423936K, 71% used [0x0000000080000000,0x0000000092747468,0x0000000099e00000)
 Metaspace       used 101587K, capacity 105752K, committed 105816K, reserved 1140736K
  class space    used 13026K, capacity 13925K, committed 13952K, reserved 1048576K
}
Event: 267.610 GC heap before
{Heap before GC invocations=36 (full 5):
 PSYoungGen      total 539648K, used 466012K [0x00000000d5580000, 0x00000000fbb80000, 0x0000000100000000)
  eden space 449536K, 100% used [0x00000000d5580000,0x00000000f0c80000,0x00000000f0c80000)
  from space 90112K, 18% used [0x00000000f6380000,0x00000000f7397248,0x00000000fbb80000)
  to   space 89088K, 0% used [0x00000000f0c80000,0x00000000f0c80000,0x00000000f6380000)
 ParOldGen       total 423936K, used 302365K [0x0000000080000000, 0x0000000099e00000, 0x00000000d5580000)
  object space 423936K, 71% used [0x0000000080000000,0x0000000092747468,0x0000000099e00000)
 Metaspace       used 101615K, capacity 105752K, committed 105816K, reserved 1140736K
  class space    used 13026K, capacity 13925K, committed 13952K, reserved 1048576K
Event: 267.692 GC heap after
Heap after GC invocations=36 (full 5):
 PSYoungGen      total 538624K, used 17845K [0x00000000d5580000, 0x00000000fd580000, 0x0000000100000000)
  eden space 449536K, 0% used [0x00000000d5580000,0x00000000d5580000,0x00000000f0c80000)
  from space 89088K, 20% used [0x00000000f0c80000,0x00000000f1ded5c0,0x00000000f6380000)
  to   space 75776K, 0% used [0x00000000f8b80000,0x00000000f8b80000,0x00000000fd580000)
 ParOldGen       total 423936K, used 302373K [0x0000000080000000, 0x0000000099e00000, 0x00000000d5580000)
  object space 423936K, 71% used [0x0000000080000000,0x0000000092749468,0x0000000099e00000)
 Metaspace       used 101615K, capacity 105752K, committed 105816K, reserved 1140736K
  class space    used 13026K, capacity 13925K, committed 13952K, reserved 1048576K
}

