# JRE version: OpenJDK Runtime Environment (8.0_152-b01) (build 1.8.0_152-release-1343-b01)
# Java VM: OpenJDK 64-Bit Server VM (25.152-b01 mixed mode windows-amd64 compressed oops)
Heap:
 PSYoungGen      total 107008K, used 83446K [0x00000000d5f00000, 0x00000000de000000, 0x0000000100000000)
  eden space 85504K, 72% used [0x00000000d5f00000,0x00000000d9b809d0,0x00000000db280000)
  from space 21504K, 99% used [0x00000000db280000,0x00000000dc77cf10,0x00000000dc780000)
  to   space 17920K, 0% used [0x00000000dc780000,0x00000000dc780000,0x00000000dd900000)
 ParOldGen       total 129536K, used 47951K [0x0000000081c00000, 0x0000000089a80000, 0x00000000d5f00000)
  object space 129536K, 37% used [0x0000000081c00000,0x0000000084ad3fa8,0x0000000089a80000)
 Metaspace       used 54935K, capacity 56134K, committed 56232K, reserved 1097728K
  class space    used 6708K, capacity 7032K, committed 7088K, reserved 1048576K
GC Heap History (10 events):
Event: 10.755 GC heap before
{Heap before GC invocations=7 (full 1):
 PSYoungGen      total 71680K, used 32014K [0x00000000d5f00000, 0x00000000dc180000, 0x0000000100000000)
  eden space 66560K, 40% used [0x00000000d5f00000,0x00000000d7944090,0x00000000da000000)
  from space 5120K, 99% used [0x00000000da000000,0x00000000da4ffb18,0x00000000da500000)
  to   space 16896K, 0% used [0x00000000db100000,0x00000000db100000,0x00000000dc180000)
 ParOldGen       total 66560K, used 22674K [0x0000000081c00000, 0x0000000085d00000, 0x00000000d5f00000)
  object space 66560K, 34% used [0x0000000081c00000,0x00000000832249d0,0x0000000085d00000)
 Metaspace       used 34741K, capacity 35322K, committed 35496K, reserved 1081344K
  class space    used 4374K, capacity 4508K, committed 4528K, reserved 1048576K
Event: 10.788 GC heap after
Heap after GC invocations=7 (full 1):
 PSYoungGen      total 84480K, used 11502K [0x00000000d5f00000, 0x00000000ddb80000, 0x0000000100000000)
  eden space 67584K, 0% used [0x00000000d5f00000,0x00000000d5f00000,0x00000000da100000)
  from space 16896K, 68% used [0x00000000db100000,0x00000000dbc3b988,0x00000000dc180000)
  to   space 16384K, 0% used [0x00000000da100000,0x00000000da100000,0x00000000db100000)
 ParOldGen       total 66560K, used 22682K [0x0000000081c00000, 0x0000000085d00000, 0x00000000d5f00000)
  object space 66560K, 34% used [0x0000000081c00000,0x00000000832269d0,0x0000000085d00000)
 Metaspace       used 34741K, capacity 35322K, committed 35496K, reserved 1081344K
  class space    used 4374K, capacity 4508K, committed 4528K, reserved 1048576K
}
Event: 10.788 GC heap before
{Heap before GC invocations=8 (full 2):
 PSYoungGen      total 84480K, used 11502K [0x00000000d5f00000, 0x00000000ddb80000, 0x0000000100000000)
  eden space 67584K, 0% used [0x00000000d5f00000,0x00000000d5f00000,0x00000000da100000)
  from space 16896K, 68% used [0x00000000db100000,0x00000000dbc3b988,0x00000000dc180000)
  to   space 16384K, 0% used [0x00000000da100000,0x00000000da100000,0x00000000db100000)
 ParOldGen       total 66560K, used 22682K [0x0000000081c00000, 0x0000000085d00000, 0x00000000d5f00000)
  object space 66560K, 34% used [0x0000000081c00000,0x00000000832269d0,0x0000000085d00000)
 Metaspace       used 34741K, capacity 35322K, committed 35496K, reserved 1081344K
  class space    used 4374K, capacity 4508K, committed 4528K, reserved 1048576K
Event: 11.065 GC heap after
Heap after GC invocations=8 (full 2):
 PSYoungGen      total 84480K, used 0K [0x00000000d5f00000, 0x00000000ddb80000, 0x0000000100000000)
  eden space 67584K, 0% used [0x00000000d5f00000,0x00000000d5f00000,0x00000000da100000)
  from space 16896K, 0% used [0x00000000db100000,0x00000000db100000,0x00000000dc180000)
  to   space 16384K, 0% used [0x00000000da100000,0x00000000da100000,0x00000000db100000)
 ParOldGen       total 129536K, used 29072K [0x0000000081c00000, 0x0000000089a80000, 0x00000000d5f00000)
  object space 129536K, 22% used [0x0000000081c00000,0x0000000083864190,0x0000000089a80000)
 Metaspace       used 34741K, capacity 35322K, committed 35496K, reserved 1081344K
  class space    used 4374K, capacity 4508K, committed 4528K, reserved 1048576K
}
Event: 14.457 GC heap before
{Heap before GC invocations=9 (full 2):
 PSYoungGen      total 84480K, used 67584K [0x00000000d5f00000, 0x00000000ddb80000, 0x0000000100000000)
  eden space 67584K, 100% used [0x00000000d5f00000,0x00000000da100000,0x00000000da100000)
  from space 16896K, 0% used [0x00000000db100000,0x00000000db100000,0x00000000dc180000)
  to   space 16384K, 0% used [0x00000000da100000,0x00000000da100000,0x00000000db100000)
 ParOldGen       total 129536K, used 29072K [0x0000000081c00000, 0x0000000089a80000, 0x00000000d5f00000)
  object space 129536K, 22% used [0x0000000081c00000,0x0000000083864190,0x0000000089a80000)
 Metaspace       used 43149K, capacity 43868K, committed 44200K, reserved 1087488K
  class space    used 5501K, capacity 5717K, committed 5808K, reserved 1048576K
Event: 14.502 GC heap after
Heap after GC invocations=9 (full 2):
 PSYoungGen      total 83968K, used 14311K [0x00000000d5f00000, 0x00000000dd900000, 0x0000000100000000)
  eden space 67584K, 0% used [0x00000000d5f00000,0x00000000d5f00000,0x00000000da100000)
  from space 16384K, 87% used [0x00000000da100000,0x00000000daef9c10,0x00000000db100000)
  to   space 17920K, 0% used [0x00000000dc780000,0x00000000dc780000,0x00000000dd900000)
 ParOldGen       total 129536K, used 29080K [0x0000000081c00000, 0x0000000089a80000, 0x00000000d5f00000)
  object space 129536K, 22% used [0x0000000081c00000,0x0000000083866190,0x0000000089a80000)
 Metaspace       used 43149K, capacity 43868K, committed 44200K, reserved 1087488K
  class space    used 5501K, capacity 5717K, committed 5808K, reserved 1048576K
}
Event: 18.870 GC heap before
{Heap before GC invocations=10 (full 2):
 PSYoungGen      total 83968K, used 81895K [0x00000000d5f00000, 0x00000000dd900000, 0x0000000100000000)
  eden space 67584K, 100% used [0x00000000d5f00000,0x00000000da100000,0x00000000da100000)
  from space 16384K, 87% used [0x00000000da100000,0x00000000daef9c10,0x00000000db100000)
  to   space 17920K, 0% used [0x00000000dc780000,0x00000000dc780000,0x00000000dd900000)
 ParOldGen       total 129536K, used 29080K [0x0000000081c00000, 0x0000000089a80000, 0x00000000d5f00000)
  object space 129536K, 22% used [0x0000000081c00000,0x0000000083866190,0x0000000089a80000)
 Metaspace       used 49725K, capacity 50696K, committed 50984K, reserved 1093632K
  class space    used 6338K, capacity 6601K, committed 6704K, reserved 1048576K
Event: 18.931 GC heap after
Heap after GC invocations=10 (full 2):
 PSYoungGen      total 103424K, used 17901K [0x00000000d5f00000, 0x00000000de000000, 0x0000000100000000)
  eden space 85504K, 0% used [0x00000000d5f00000,0x00000000d5f00000,0x00000000db280000)
  from space 17920K, 99% used [0x00000000dc780000,0x00000000dd8fb6f8,0x00000000dd900000)
  to   space 21504K, 0% used [0x00000000db280000,0x00000000db280000,0x00000000dc780000)
 ParOldGen       total 129536K, used 32722K [0x0000000081c00000, 0x0000000089a80000, 0x00000000d5f00000)
  object space 129536K, 25% used [0x0000000081c00000,0x0000000083bf4880,0x0000000089a80000)
 Metaspace       used 49725K, capacity 50696K, committed 50984K, reserved 1093632K
  class space    used 6338K, capacity 6601K, committed 6704K, reserved 1048576K
}
Event: 24.286 GC heap before
{Heap before GC invocations=11 (full 2):
 PSYoungGen      total 103424K, used 103186K [0x00000000d5f00000, 0x00000000de000000, 0x0000000100000000)
  eden space 85504K, 99% used [0x00000000d5f00000,0x00000000db249458,0x00000000db280000)
  from space 17920K, 99% used [0x00000000dc780000,0x00000000dd8fb6f8,0x00000000dd900000)
  to   space 21504K, 0% used [0x00000000db280000,0x00000000db280000,0x00000000dc780000)
 ParOldGen       total 129536K, used 32722K [0x0000000081c00000, 0x0000000089a80000, 0x00000000d5f00000)
  object space 129536K, 25% used [0x0000000081c00000,0x0000000083bf4880,0x0000000089a80000)
 Metaspace       used 52952K, capacity 54152K, committed 54312K, reserved 1097728K
  class space    used 6608K, capacity 6921K, committed 6960K, reserved 1048576K
Event: 24.408 GC heap after
Heap after GC invocations=11 (full 2):
 PSYoungGen      total 107008K, used 21491K [0x00000000d5f00000, 0x00000000de000000, 0x0000000100000000)
  eden space 85504K, 0% used [0x00000000d5f00000,0x00000000d5f00000,0x00000000db280000)
  from space 21504K, 99% used [0x00000000db280000,0x00000000dc77cf10,0x00000000dc780000)
  to   space 17920K, 0% used [0x00000000dc780000,0x00000000dc780000,0x00000000dd900000)
 ParOldGen       total 129536K, used 47951K [0x0000000081c00000, 0x0000000089a80000, 0x00000000d5f00000)
  object space 129536K, 37% used [0x0000000081c00000,0x0000000084ad3fa8,0x0000000089a80000)
 Metaspace       used 52952K, capacity 54152K, committed 54312K, reserved 1097728K
  class space    used 6608K, capacity 6921K, committed 6960K, reserved 1048576K
}

