# JRE version: OpenJDK Runtime Environment (8.0_152-b01) (build 1.8.0_152-release-1343-b01)
# Java VM: OpenJDK 64-Bit Server VM (25.152-b01 mixed mode windows-amd64 compressed oops)
Heap:
 PSYoungGen      total 526848K, used 74100K [0x00000000d5580000, 0x00000000fd000000, 0x0000000100000000)
  eden space 413184K, 2% used [0x00000000d5580000,0x00000000d618fe90,0x00000000ee900000)
  from space 113664K, 54% used [0x00000000f5800000,0x00000000f944d258,0x00000000fc700000)
  to   space 113664K, 0% used [0x00000000ee900000,0x00000000ee900000,0x00000000f5800000)
 ParOldGen       total 388608K, used 211810K [0x0000000080000000, 0x0000000097b80000, 0x00000000d5580000)
  object space 388608K, 54% used [0x0000000080000000,0x000000008ced8888,0x0000000097b80000)
 Metaspace       used 94376K, capacity 98258K, committed 98648K, reserved 1134592K
  class space    used 11998K, capacity 12808K, committed 12928K, reserved 1048576K
GC Heap History (10 events):
Event: 1314.287 GC heap before
{Heap before GC invocations=23 (full 4):
 PSYoungGen      total 382976K, used 378577K [0x00000000d5580000, 0x00000000f0880000, 0x0000000100000000)
  eden space 333824K, 100% used [0x00000000d5580000,0x00000000e9b80000,0x00000000e9b80000)
  from space 49152K, 91% used [0x00000000ed300000,0x00000000efeb4560,0x00000000f0300000)
  to   space 55808K, 0% used [0x00000000e9b80000,0x00000000e9b80000,0x00000000ed200000)
 ParOldGen       total 268800K, used 143818K [0x0000000080000000, 0x0000000090680000, 0x00000000d5580000)
  object space 268800K, 53% used [0x0000000080000000,0x0000000088c72930,0x0000000090680000)
 Metaspace       used 85569K, capacity 89384K, committed 89432K, reserved 1126400K
  class space    used 11123K, capacity 11899K, committed 11904K, reserved 1048576K
Event: 1314.442 GC heap after
Heap after GC invocations=23 (full 4):
 PSYoungGen      total 389632K, used 42930K [0x00000000d5580000, 0x00000000f3b80000, 0x0000000100000000)
  eden space 333824K, 0% used [0x00000000d5580000,0x00000000d5580000,0x00000000e9b80000)
  from space 55808K, 76% used [0x00000000e9b80000,0x00000000ec56ca98,0x00000000ed200000)
  to   space 59904K, 0% used [0x00000000f0100000,0x00000000f0100000,0x00000000f3b80000)
 ParOldGen       total 268800K, used 143826K [0x0000000080000000, 0x0000000090680000, 0x00000000d5580000)
  object space 268800K, 53% used [0x0000000080000000,0x0000000088c74930,0x0000000090680000)
 Metaspace       used 85569K, capacity 89384K, committed 89432K, reserved 1126400K
  class space    used 11123K, capacity 11899K, committed 11904K, reserved 1048576K
}
Event: 1345.286 GC heap before
{Heap before GC invocations=24 (full 4):
 PSYoungGen      total 389632K, used 376754K [0x00000000d5580000, 0x00000000f3b80000, 0x0000000100000000)
  eden space 333824K, 100% used [0x00000000d5580000,0x00000000e9b80000,0x00000000e9b80000)
  from space 55808K, 76% used [0x00000000e9b80000,0x00000000ec56ca98,0x00000000ed200000)
  to   space 59904K, 0% used [0x00000000f0100000,0x00000000f0100000,0x00000000f3b80000)
 ParOldGen       total 268800K, used 143826K [0x0000000080000000, 0x0000000090680000, 0x00000000d5580000)
  object space 268800K, 53% used [0x0000000080000000,0x0000000088c74930,0x0000000090680000)
 Metaspace       used 90568K, capacity 94368K, committed 94424K, reserved 1130496K
  class space    used 11724K, capacity 12517K, committed 12544K, reserved 1048576K
Event: 1345.648 GC heap after
Heap after GC invocations=24 (full 4):
 PSYoungGen      total 412160K, used 59902K [0x00000000d5580000, 0x00000000f6d00000, 0x0000000100000000)
  eden space 352256K, 0% used [0x00000000d5580000,0x00000000d5580000,0x00000000ead80000)
  from space 59904K, 99% used [0x00000000f0100000,0x00000000f3b7f800,0x00000000f3b80000)
  to   space 85504K, 0% used [0x00000000ead80000,0x00000000ead80000,0x00000000f0100000)
 ParOldGen       total 268800K, used 187637K [0x0000000080000000, 0x0000000090680000, 0x00000000d5580000)
  object space 268800K, 69% used [0x0000000080000000,0x000000008b73d6a8,0x0000000090680000)
 Metaspace       used 90568K, capacity 94368K, committed 94424K, reserved 1130496K
  class space    used 11724K, capacity 12517K, committed 12544K, reserved 1048576K
}
Event: 1356.398 GC heap before
{Heap before GC invocations=25 (full 4):
 PSYoungGen      total 412160K, used 412158K [0x00000000d5580000, 0x00000000f6d00000, 0x0000000100000000)
  eden space 352256K, 100% used [0x00000000d5580000,0x00000000ead80000,0x00000000ead80000)
  from space 59904K, 99% used [0x00000000f0100000,0x00000000f3b7f800,0x00000000f3b80000)
  to   space 85504K, 0% used [0x00000000ead80000,0x00000000ead80000,0x00000000f0100000)
 ParOldGen       total 268800K, used 187637K [0x0000000080000000, 0x0000000090680000, 0x00000000d5580000)
  object space 268800K, 69% used [0x0000000080000000,0x000000008b73d6a8,0x0000000090680000)
 Metaspace       used 92551K, capacity 96466K, committed 96728K, reserved 1132544K
  class space    used 11868K, capacity 12680K, committed 12800K, reserved 1048576K
Event: 1356.858 GC heap after
Heap after GC invocations=25 (full 4):
 PSYoungGen      total 437760K, used 85495K [0x00000000d5580000, 0x00000000fc700000, 0x0000000100000000)
  eden space 352256K, 0% used [0x00000000d5580000,0x00000000d5580000,0x00000000ead80000)
  from space 85504K, 99% used [0x00000000ead80000,0x00000000f00fdff8,0x00000000f0100000)
  to   space 113664K, 0% used [0x00000000f5800000,0x00000000f5800000,0x00000000fc700000)
 ParOldGen       total 268800K, used 224098K [0x0000000080000000, 0x0000000090680000, 0x00000000d5580000)
  object space 268800K, 83% used [0x0000000080000000,0x000000008dad8ac0,0x0000000090680000)
 Metaspace       used 92551K, capacity 96466K, committed 96728K, reserved 1132544K
  class space    used 11868K, capacity 12680K, committed 12800K, reserved 1048576K
}
Event: 1356.858 GC heap before
{Heap before GC invocations=26 (full 5):
 PSYoungGen      total 437760K, used 85495K [0x00000000d5580000, 0x00000000fc700000, 0x0000000100000000)
  eden space 352256K, 0% used [0x00000000d5580000,0x00000000d5580000,0x00000000ead80000)
  from space 85504K, 99% used [0x00000000ead80000,0x00000000f00fdff8,0x00000000f0100000)
  to   space 113664K, 0% used [0x00000000f5800000,0x00000000f5800000,0x00000000fc700000)
 ParOldGen       total 268800K, used 224098K [0x0000000080000000, 0x0000000090680000, 0x00000000d5580000)
  object space 268800K, 83% used [0x0000000080000000,0x000000008dad8ac0,0x0000000090680000)
 Metaspace       used 92551K, capacity 96466K, committed 96728K, reserved 1132544K
  class space    used 11868K, capacity 12680K, committed 12800K, reserved 1048576K
Event: 1359.962 GC heap after
Heap after GC invocations=26 (full 5):
 PSYoungGen      total 437760K, used 0K [0x00000000d5580000, 0x00000000fc700000, 0x0000000100000000)
  eden space 352256K, 0% used [0x00000000d5580000,0x00000000d5580000,0x00000000ead80000)
  from space 85504K, 0% used [0x00000000ead80000,0x00000000ead80000,0x00000000f0100000)
  to   space 113664K, 0% used [0x00000000f5800000,0x00000000f5800000,0x00000000fc700000)
 ParOldGen       total 388608K, used 211802K [0x0000000080000000, 0x0000000097b80000, 0x00000000d5580000)
  object space 388608K, 54% used [0x0000000080000000,0x000000008ced6888,0x0000000097b80000)
 Metaspace       used 92551K, capacity 96466K, committed 96728K, reserved 1132544K
  class space    used 11868K, capacity 12680K, committed 12800K, reserved 1048576K
}
Event: 1372.587 GC heap before
{Heap before GC invocations=27 (full 5):
 PSYoungGen      total 437760K, used 352256K [0x00000000d5580000, 0x00000000fc700000, 0x0000000100000000)
  eden space 352256K, 100% used [0x00000000d5580000,0x00000000ead80000,0x00000000ead80000)
  from space 85504K, 0% used [0x00000000ead80000,0x00000000ead80000,0x00000000f0100000)
  to   space 113664K, 0% used [0x00000000f5800000,0x00000000f5800000,0x00000000fc700000)
 ParOldGen       total 388608K, used 211802K [0x0000000080000000, 0x0000000097b80000, 0x00000000d5580000)
  object space 388608K, 54% used [0x0000000080000000,0x000000008ced6888,0x0000000097b80000)
 Metaspace       used 94339K, capacity 98194K, committed 98392K, reserved 1134592K
  class space    used 11998K, capacity 12808K, committed 12928K, reserved 1048576K
Event: 1372.904 GC heap after
Heap after GC invocations=27 (full 5):
 PSYoungGen      total 526848K, used 61748K [0x00000000d5580000, 0x00000000fd000000, 0x0000000100000000)
  eden space 413184K, 0% used [0x00000000d5580000,0x00000000d5580000,0x00000000ee900000)
  from space 113664K, 54% used [0x00000000f5800000,0x00000000f944d258,0x00000000fc700000)
  to   space 113664K, 0% used [0x00000000ee900000,0x00000000ee900000,0x00000000f5800000)
 ParOldGen       total 388608K, used 211810K [0x0000000080000000, 0x0000000097b80000, 0x00000000d5580000)
  object space 388608K, 54% used [0x0000000080000000,0x000000008ced8888,0x0000000097b80000)
 Metaspace       used 94339K, capacity 98194K, committed 98392K, reserved 1134592K
  class space    used 11998K, capacity 12808K, committed 12928K, reserved 1048576K
}

